<?xml version="1.0" encoding="UTF-8"?>
<!-- Generated by org.testng.reporters.JUnitXMLReporter -->
<testsuite hostname="morgans-MacBook-Pro.local" ignored="0" name="FirefoxTest" tests="1" failures="0" timestamp="27 Aug 2019 15:22:24 GMT" time="0.047" errors="0">
  <testcase name="@BeforeClass setup" time="0.0" classname="com.automation.testCases.QAbase01">
    <failure type="org.testng.TestNGException" message="
Method setup requires 2 parameters but 1 were supplied in the BeforeClass annotation.">
      <![CDATA[org.testng.TestNGException: 
Method setup requires 2 parameters but 1 were supplied in the BeforeClass annotation.
at java.util.concurrent.FutureTask.run(FutureTask.java:266)
at java.util.concurrent.ThreadPoolExecutor.runWorker(ThreadPoolExecutor.java:1149)
at java.util.concurrent.ThreadPoolExecutor$Worker.run(ThreadPoolExecutor.java:624)
at java.lang.Thread.run(Thread.java:748)
... Removed 14 stack frames]]>
    </failure>
  </testcase> <!-- @BeforeClass setup -->
  <testcase name="@AfterClass Teardown" time="0.0" classname="com.automation.testCases.QAbase01">
    <skipped/>
  </testcase> <!-- @AfterClass Teardown -->
  <testcase name="LoginTest" time="0.0" classname="com.automation.testCases.QAtest01">
    <skipped/>
  </testcase> <!-- LoginTest -->
</testsuite> <!-- FirefoxTest -->
